<?xml version="1.0" encoding="UTF-8"?>
<!-- Generated by org.testng.reporters.JUnitReportReporter -->
<testsuite skipped="0" hostname="DESKTOP-CH172SV" name="qaclickacademy.AppiumTest" tests="2" failures="0" timestamp="2020-02-19T15:36:09 PST" time="0.000" errors="0">
  <testcase name="IOSApps" time="0.000" classname="qaclickacademy.AppiumTest"/>
  <system-out/>
  <testcase name="NativeAppAndroid" time="0.000" classname="qaclickacademy.AppiumTest"/>
  <system-out/>
</testsuite> <!-- qaclickacademy.AppiumTest -->
