<?xml version="1.0" encoding="UTF-8"?>
<!-- Generated by org.testng.reporters.JUnitReportReporter -->
<testsuite skipped="0" hostname="DESKTOP-CH172SV" name="qaclickacademy.SeleniumTest" tests="2" failures="0" timestamp="2020-02-19T15:36:35 PST" time="0.013" errors="0">
  <testcase name="elementsUI" time="0.002" classname="qaclickacademy.SeleniumTest"/>
  <system-out/>
  <testcase name="BrowserAutomation" time="0.011" classname="qaclickacademy.SeleniumTest"/>
  <system-out/>
</testsuite> <!-- qaclickacademy.SeleniumTest -->
